<?xml version="1.0" encoding="UTF-8"?>
<!-- Generated by org.testng.reporters.JUnitXMLReporter -->
<testsuite hostname="LAPTOP-8GUPOLII" ignored="0" name="ApplicationTest" tests="3" failures="0" timestamp="28 Mar 2017 08:10:29 GMT" time="0.019" errors="0">
  <testcase name="doLogin" time="0.0" classname="testcases.ApplicationTest">
    <skipped/>
  </testcase> <!-- doLogin -->
  <testcase name="doPasswordChange" time="0.0" classname="testcases.ApplicationTest">
    <skipped/>
  </testcase> <!-- doPasswordChange -->
  <testcase name="doLogout" time="0.0" classname="testcases.ApplicationTest">
    <skipped/>
  </testcase> <!-- doLogout -->
</testsuite> <!-- ApplicationTest -->
