<?xml version="1.0" encoding="UTF-8"?>
<!-- Generated by org.testng.reporters.JUnitXMLReporter -->
<testsuite hostname="LAPTOP-8GUPOLII" ignored="0" name="ParametrizationTest" tests="3" failures="0" timestamp="28 Mar 2017 08:10:29 GMT" time="0.043" errors="0">
  <testcase name="loginTest" time="0.0" classname="testcases.Parametrization"/>
  <testcase name="loginTest" time="0.001" classname="testcases.Parametrization"/>
  <testcase name="loginTest" time="0.0" classname="testcases.Parametrization"/>
</testsuite> <!-- ParametrizationTest -->
