<?xml version="1.0" encoding="UTF-8"?>
<!-- Generated by org.testng.reporters.JUnitXMLReporter -->
<testsuite hostname="dell6" ignored="0" name="ApplicationTest" tests="3" failures="0" timestamp="22 Mar 2017 10:00:01 GMT" time="0.036" errors="0">
  <testcase name="doLogin" time="0.006" classname="testcases.ApplicationTest">
    <skipped/>
  </testcase> <!-- doLogin -->
  <testcase name="doPasswordChange" time="0.0" classname="testcases.ApplicationTest">
    <skipped/>
  </testcase> <!-- doPasswordChange -->
  <testcase name="doLogout" time="0.0" classname="testcases.ApplicationTest">
    <skipped/>
  </testcase> <!-- doLogout -->
</testsuite> <!-- ApplicationTest -->
