<?xml version="1.0" encoding="UTF-8"?>
<!-- Generated by org.testng.reporters.JUnitXMLReporter -->
<testsuite hostname="dell6" ignored="0" name="ParametrizationTest" tests="3" failures="0" timestamp="22 Mar 2017 10:00:01 GMT" time="0.031" errors="0">
  <testcase name="loginTest" time="0.002" classname="testcases.Parametrization"/>
  <testcase name="loginTest" time="0.002" classname="testcases.Parametrization"/>
  <testcase name="loginTest" time="0.006" classname="testcases.Parametrization"/>
</testsuite> <!-- ParametrizationTest -->
